Already up-to-date.
From https://github.com/dylancaponi/pollinate
   781d371..6632200  master     -> origin/master
Updating 781d371..6632200
Fast-forward
 README.md |    3 +++
 1 file changed, 3 insertions(+)
 create mode 100644 README.md
From https://github.com/dylancaponi/pollinate
   6632200..68aa25f  master     -> origin/master
Updating 6632200..68aa25f
Fast-forward
 README.md |    1 +
 1 file changed, 1 insertion(+)
From https://github.com/dylancaponi/pollinate
   9fb0e43..8b522be  master     -> origin/master
Updating 9fb0e43..8b522be
Fast-forward
 README.md |    3 +--
 1 file changed, 1 insertion(+), 2 deletions(-)
Already up-to-date.
Already up-to-date.
Already up-to-date.
From https://github.com/dylancaponi/pollinate
   8b522be..ab7ce3b  master     -> origin/master
Updating 8b522be..ab7ce3b
Fast-forward
 README.md |    1 +
 1 file changed, 1 insertion(+)
